0:100  0:100  MemLog inited, TSC freq: 2208333940
0:100  0:000  CPU was calibrated with RTC
0:100  0:000  
0:100  0:000  Now is 1.8.2019,  15:25:53 (GMT)
0:100  0:000  Starting Clover revision: 5027 on American Megatrends EFI
0:100  0:000  Build with: [Args: -mc --no-usb -D NO_GRUB_DRIVERS_EMBEDDED -t XCODE8 | -D DISABLE_USB_SUPPORT -D NO_GRUB_DRIVERS_EMBEDDED --conf=/Users/imac/src/edk2/Conf -D USE_BIOS_BLOCKIO -D USE_LOW_EBDA -a X64 -b RELEASE -t XCODE8 -n 9 | OS: 10.14.5 | XCODE: 10.2.1]
0:100  0:000  SelfDevicePath=PciRoot(0x0)\Pci(0x17,0x0)\Sata(0x4,0xFFFF,0x0)\HD(1,GPT,58843E34-8CE3-4672-8F33-4DB5DBB2BA81,0x22,0xFA000) @75BF1E98
0:100  0:000  SelfDirPath = \EFI\BOOT
0:102  0:001  === [ Get Smbios ] ========================================
0:108  0:005  Type 16 Index = 0
0:108  0:000  Total Memory Slots Count = 4
0:108  0:000  Type 17 Index = 0
0:108  0:000  SmbiosTable.Type17->Speed = 2667MHz
0:108  0:000  SmbiosTable.Type17->Size = 8192MB
0:108  0:000  SmbiosTable.Type17->Bank/Device = BANK 0 ChannelA-DIMM0
0:108  0:000  SmbiosTable.Type17->Vendor = Kingston
0:108  0:000  SmbiosTable.Type17->SerialNumber = 75074020
0:108  0:000  SmbiosTable.Type17->PartNumber = KHX2666C15S4/8G     
0:108  0:000  Type 17 Index = 1
0:108  0:000  Ignoring insane frequency value 0MHz
0:108  0:000  SmbiosTable.Type17->Speed = 0MHz
0:108  0:000  SmbiosTable.Type17->Size = 0MB
0:108  0:000  SmbiosTable.Type17->Bank/Device = BANK 1 ChannelA-DIMM1
0:108  0:000  SmbiosTable.Type17->Vendor = <null string>
0:108  0:000  SmbiosTable.Type17->SerialNumber = <null string>
0:108  0:000  SmbiosTable.Type17->PartNumber = <null string>
0:108  0:000  Type 17 Index = 2
0:108  0:000  SmbiosTable.Type17->Speed = 2667MHz
0:108  0:000  SmbiosTable.Type17->Size = 8192MB
0:108  0:000  SmbiosTable.Type17->Bank/Device = BANK 2 ChannelB-DIMM0
0:108  0:000  SmbiosTable.Type17->Vendor = SK Hynix
0:108  0:000  SmbiosTable.Type17->SerialNumber = 522C1ECB
0:108  0:000  SmbiosTable.Type17->PartNumber = HMA81GS6CJR8N-VK    
0:108  0:000  Type 17 Index = 3
0:108  0:000  Ignoring insane frequency value 0MHz
0:108  0:000  SmbiosTable.Type17->Speed = 0MHz
0:108  0:000  SmbiosTable.Type17->Size = 0MB
0:108  0:000  SmbiosTable.Type17->Bank/Device = BANK 3 ChannelB-DIMM1
0:108  0:000  SmbiosTable.Type17->Vendor = <null string>
0:108  0:000  SmbiosTable.Type17->SerialNumber = <null string>
0:108  0:000  SmbiosTable.Type17->PartNumber = <null string>
0:108  0:000  Boot status=0
0:108  0:000  Running on: 'TUF GAMING FX504GE_FX80GE' with board 'FX504GE'
0:108  0:000  === [ GetCPUProperties ] ==================================
0:108  0:000  CPU Vendor = 756E6547 Model=906EA
0:108  0:000   The CPU supported SSE4.1
0:108  0:000  BrandString = Intel(R) Core(TM) i7-8750H CPU @ 2.20GHz
0:108  0:000   The CPU supported turbo
0:108  0:000  MSR 0x35               6000C
0:108  0:000   TSC/CCC Information Leaf:
0:108  0:000    numerator     : 184
0:108  0:000    denominator   : 2
0:108  0:000   Calibrated ARTFrequency: 24003629
0:108  0:000  MSR 0xE2 before patch 1E008002
0:108  0:000  MSR 0xE2 is locked, PM patches will be turned on
0:108  0:000  MSR 0xCE              0008083B_F1011600
0:108  0:000  corrected FLEX_RATIO = 0
0:108  0:000  MSR 0x1B0             00000000
0:108  0:000  FSBFrequency = 95 MHz, DMI FSBFrequency = 100 MHz, Corrected FSBFrequency = 100 MHz
0:108  0:000  MaxDiv/MinDiv: 22.0/8
0:108  0:000  Turbo: 40/40/41/41
0:108  0:000  Features: 0xBFEBFBFF
0:108  0:000  Threads: 12
0:108  0:000  Cores: 6
0:108  0:000  FSB: 100 MHz
0:108  0:000  CPU: 2079 MHz
0:108  0:000  TSC: 2079 MHz
0:108  0:000  PIS: 100 MHz
0:108  0:000  ExternalClock: 25 MHz
0:108  0:000  === [ GetDevices ] ========================================
0:108  0:000  PCI (00|00:00.00) : 8086 3EC4 class=060000
0:108  0:000  PCI (00|00:01.00) : 8086 1901 class=060400
0:108  0:000  PCI (00|01:00.00) : 10DE 1C8C class=030200
0:108  0:000  PCI (00|00:02.00) : 8086 3E9B class=030000
0:108  0:000   - GFX: Model=Intel UHD Graphics 630 (Intel)
0:108  0:000  PCI (00|00:04.00) : 8086 1903 class=118000
0:108  0:000  PCI (00|00:08.00) : 8086 1911 class=088000
0:108  0:000  PCI (00|00:12.00) : 8086 A379 class=118000
0:108  0:000  PCI (00|00:14.00) : 8086 A36D class=0C0330
0:108  0:000  PCI (00|00:14.02) : 8086 A36F class=050000
0:108  0:000  PCI (00|00:15.00) : 8086 A368 class=0C8000
0:108  0:000  PCI (00|00:16.00) : 8086 A360 class=078000
0:108  0:000  PCI (00|00:17.00) : 8086 A353 class=010601
0:108  0:000  PCI (00|00:1D.00) : 8086 A330 class=060400
0:108  0:000  PCI (00|02:00.00) : 2646 5008 class=010802
0:108  0:000  PCI (00|00:1D.05) : 8086 A335 class=060400
0:108  0:000  PCI (00|03:00.00) : 14E4 43A0 class=028000
0:108  0:000   - WIFI: Vendor=Broadcom
0:108  0:000  PCI (00|00:1D.06) : 8086 A336 class=060400
0:108  0:000  PCI (00|04:00.00) : 10EC 8168 class=020000
0:108  0:000   - LAN: 0 Vendor=Realtek
0:108  0:000  PCI (00|00:1F.00) : 8086 A30D class=060100
0:108  0:000  PCI (00|00:1F.03) : 8086 A348 class=040300
0:108  0:000  PCI (00|00:1F.04) : 8086 A323 class=0C0500
0:108  0:000  PCI (00|00:1F.05) : 8086 A324 class=0C8000
0:108  0:000  === [ GetDefaultSettings ] ================================
0:109  0:000  Clover load options size = 0 bytes
0:115  0:006  EFI\CLOVER\config.plist loaded: Success
0:122  0:007  === [ GetListOfThemes ] ===================================
0:124  0:001  - [00]: Clovy
0:129  0:005  - [01]: BGM
0:133  0:003  - [02]: cesium
0:139  0:005  - [03]: random
0:142  0:002  - [03]: embedded
0:145  0:003  === [ Found config plists ] ===============================
0:146  0:001  - config.plist
0:148  0:001  === [ GetEarlyUserSettings ] ==============================
0:148  0:000  timeout set to 5
0:148  0:000  Custom boot CUSTOM_BOOT_DISABLED (0x0)
0:148  0:000  KextsToPatch: 10 requested
0:148  0:000   - [00]: com.apple.driver.AppleUSBXHCI (Disable the sleep code leaving the controller in non-working state after wake, 10.9.*, 10.10.* (credit Zenith432)) :: BinPatch :: data len: 7
0:148  0:000   - [01]: com.apple.driver.AppleIntelLpssI2CController (Prevent Apple I2C kexts from attaching to I2C controllers, credit CoolStar) :: PlistPatch :: data len: 5
0:148  0:000   - [02]: AppleIntelCFLGraphicsFramebuffer (Set the maximum link rate in DPCD buffer to 0x0A (HBR) for laptops with 1080p or below display (by FireWolf)) :: BinPatch :: data len: 15
0:148  0:000   - [03]: com.apple.driver.usb.AppleUSBXHCI (disable port limit in XHCI kext (credit DalianSky,Ricky)) :: MatchOS: 10.14.x :: BinPatch :: data len: 9
0:148  0:000   - [04]: com.apple.iokit.IOUSBHostFamily (USB Port limit patch #1/2 10.15.x (credit DalianSky)) :: MatchOS: 10.15.x :: BinPatch :: data len: 4
0:148  0:000   - [05]: com.apple.driver.usb.AppleUSBXHCI (USB Port limit patch #2/2 10.15.x (credit DalianSky)) :: MatchOS: 10.15.x :: BinPatch :: data len: 4
0:148  0:000   - [06]: com.apple.iokit.IOUSBHostFamily (USB port limit patch #1/4 10.14.x modify by DalianSky (credit ydeng)) :: MatchOS: 10.14.x :: BinPatch :: data len: 4
0:148  0:000   - [07]: com.apple.iokit.IOUSBHostFamily (USB port limit patch #2/4 10.14.x modify by DalianSky (credit PMHeart)) :: MatchOS: 10.14.x :: BinPatch :: data len: 4
0:148  0:000   - [08]: com.apple.driver.usb.AppleUSBXHCI (USB Port limit patch #3/4 10.14.x modify by DalianSky (credit PMheart)) :: MatchOS: 10.14.x :: BinPatch :: data len: 4
0:148  0:000   - [09]: com.apple.driver.usb.AppleUSBXHCI (USB Port limit patch #4/4 10.14.x modify by DalianSky (credit PMheart)) :: MatchOS: 10.14.x :: BinPatch :: data len: 4
0:148  0:000  Default theme: embedded
0:148  0:000  Hiding entries with string Preboot
0:148  0:000  Hiding entries with string DATA
0:148  0:000  === [ LoadDrivers ] =======================================
0:152  0:003  Loading FSInject.efi  status=Success
0:158  0:005  Loading DataHubDxe.efi  status=Success
0:163  0:005  Loading ApfsDriverLoader.efi  status=Success
0:166  0:003   - driver needs connecting
0:166  0:000  Loading AudioDxe.efi  status=Success
0:171  0:004   - driver needs connecting
0:171  0:000  Loading AppleUISupport-64.efi  status=Success
0:175  0:004  Loading AptioMemoryFix-64.efi  status=Success
0:179  0:004  Loading CsmVideoDxe-64.efi  status=Success
0:182  0:003   - driver needs connecting
0:182  0:000  Loading EmuVariableUefi-64.efi  status=Success
0:186  0:003  EmuVariableUefi Initialize: VariableCommonInitialize = Success, orig services stored, install gEmuVariableControlProtocolGuid = Success
0:186  0:000  Loading EnglishDxe-64.efi  status=Success
0:190  0:003  Loading Fat-64.efi  status=Success
0:194  0:003   - driver needs connecting
0:194  0:000  Loading HashServiceFix-64.efi  status=Success
0:197  0:003  Loading NTFS-64.efi  status=Success
0:202  0:004   - driver needs connecting
0:202  0:000  Loading PartitionDxe-64.efi  status=Success
0:205  0:003   - driver needs connecting
0:205  0:000  Loading Ps2MouseDxe-64.efi  status=Success
0:209  0:003   - driver needs connecting
0:209  0:000  Loading UsbMouseDxe-64.efi  status=Success
0:212  0:003   - driver needs connecting
0:212  0:000  Loading VirtualSmc.efi  status=Success
0:217  0:005  8 drivers needs connecting ...
0:217  0:000  PlatformDriverOverrideProtocol not found. Installing ... Success
0:217  0:000  Partition driver loaded: 
0:217  0:000  APFS driver loaded
0:217  0:000  Video driver loaded: disconnect Success
1:141  0:924  Searching for invalid DiskIo BY_DRIVER connects: not found, all ok
5:860  4:719  EmuVariable InstallEmulation: orig vars copied, emu.var.services installed, CreateEvent VirtualAddressChange = Success, CreateEvent ExitBootServices = Success, set Status=Success
5:894  0:033  === [ InitScreen ] ========================================
5:894  0:000  Console modes reported: 4, available modes:
5:894  0:000   - [01]: 100x31 (current mode)
5:894  0:000   - [02]: 240x56
5:894  0:000   - [03]: 170x40
5:894  0:000   - [04]: 240x56
5:894  0:000  SetScreenResolution: 1920x1080 - already set
5:894  0:000  reinit: self device path=PciRoot(0x0)\Pci(0x17,0x0)\Sata(0x4,0xFFFF,0x0)\HD(1,GPT,58843E34-8CE3-4672-8F33-4DB5DBB2BA81,0x22,0xFA000)
5:897  0:002  Using embedded font: Success
5:897  0:000  === [ GetMacAddress ] =====================================
5:897  0:000  MAC address of LAN #0= 18:31:BF:96:D6:48:
5:897  0:000  === [ ScanSPD ] ===========================================
5:898  0:000  Scanning SMBus [8086:A323], mmio: 0xA4720004, ioport: 0xEFA0, hostc: 0x11
5:919  0:021  Slot: 0 Type 26 8192MB 2666MHz Vendor=Kingston PartNo=KHX2666C15S48G SerialNo=0705000704000200
5:941  0:021  Slot: 2 Type 26 8192MB 2666MHz Vendor=SK Hynix PartNo=HMA81GS6CJR8N-VK SerialNo=0502020C010E0C0B
5:942  0:001  === [ GetAcpiTablesList ] =================================
5:954  0:011  Get Acpi Tables List from RSDT:
5:954  0:000   - [00]: FACP  Notebook len=132
5:954  0:000   - [01]: APIC  Notebook len=244
5:954  0:000   - [02]: FPDT  Notebook len=68
5:954  0:000   - [03]: FIDT  Notebook len=156
5:954  0:000   - [04]: MCFG  Notebook len=60
5:954  0:000   - [05]: SSDT  SataTabl len=820
5:954  0:000   - [06]: SSDT  DptfTabl len=28951
5:954  0:000   - [07]: SSDT  CpuSsdt len=6101
5:954  0:000   - [08]: MSDM  Notebook len=85
5:954  0:000   - [09]: SSDT  SaSsdt  len=12759
5:954  0:000   - [10]: SSDT  PegSsdt len=9916
5:954  0:000   - [11]: HPET  Notebook len=56
5:954  0:000   - [12]: SSDT  Ther_Rvp len=3998
5:954  0:000   - [13]: SSDT  xh_cfhd4 len=10577
5:954  0:000   - [14]: UEFI  Notebook len=72
5:954  0:000   - [15]: LPIT  Notebook len=92
5:954  0:000   - [16]: WSMT  Notebook len=40
5:954  0:000   - [17]: SSDT  PtidDevc len=10206
5:954  0:000   - [18]: SSDT  TbtTypeC len=4094
5:954  0:000   - [19]: DBGP  Notebook len=52
5:954  0:000   - [20]: DBG2  Notebook len=84
5:954  0:000   - [21]: SSDT  SgPeg len=174
5:954  0:000   - [22]: DMAR  EDK2     len=168
5:954  0:000   - [23]: BGRT  Notebook len=56
5:954  0:000   - [24]: BGRT  Notebook len=56
5:954  0:000   - [25]: SSDT  OptTabl len=8086
5:954  0:000   - [26]: BGRT  Notebook len=56
5:954  0:000  Calibrated TSC Frequency = 2208333940 = 2208MHz
5:954  0:000  === [ GetUserSettings ] ===================================
5:954  0:000  Add 2 devices:
5:954  0:000  USB FixOwnership: no
5:954  0:000  Dropping 3 tables:
5:954  0:000   - [00]: Drop table  signature="MATS" (5354414D)
5:954  0:000           - set table: 5354414D,                0 to drop: no
5:954  0:000   - [01]: Drop table  signature="DMAR" (52414D44)
5:954  0:000           - set table: 52414D44,                0 to drop: yes
5:954  0:000   - [02]: Drop table  signature="SSDT" (54445353) table-id="xh_rvp10" (30317076725F6878)
5:954  0:000           - set table: 54445353, 30317076725F6878 to drop: no
5:954  0:000   - final DSDT Fix mask=00000010
5:954  0:000  PatchesDSDT: 4 requested
5:954  0:000   - [00]: (change HECI to IMEI ) lenToFind: 4, lenToReplace: 4, Target Bridge: <null string>
5:954  0:000   - [01]: (change GFX0 to IGPU) lenToFind: 4, lenToReplace: 4, Target Bridge: <null string>
5:954  0:000   - [02]: (change HDAS to HDEF) lenToFind: 4, lenToReplace: 4, Target Bridge: <null string>
5:954  0:000   - [03]: (Rename EC0_ to EC__) lenToFind: 4, lenToReplace: 4, Target Bridge: <null string>
5:954  0:000  Using ProductName from config: MacBookPro15,1
5:954  0:000  Found same BiosVersion in clover and config
5:954  0:000  BiosVersion: MBP151.88Z.F000.B00.1904222000
5:954  0:000  BiosReleaseDate: 04/22/2019
5:954  0:000  Using EfiVersion from clover: 220.260.170.0.0
5:954  0:000  Using FirmwareFeatures from config: 0xFC0FE137
5:954  0:000  Using FirmwareFeaturesMask from config: 0xFF1FFF3F
5:954  0:000  Board-ID set from config as Mac-937A206F2EE63C01
5:954  0:000  BoardType: 0xA
5:954  0:000  ChassisType: 0x9
5:958  0:003  === [ Found DSDT tables ] =================================
5:959  0:001  - DSDT.aml
6:095  0:135  === [ ScanVolumes ] =======================================
6:095  0:000  Found 9 volumes with blockIO
6:095  0:000  - [00]: Volume: PciRoot(0x0)\Pci(0x17,0x0)\Sata(0x4,0xFFFF,0x0)
6:095  0:000          Result of bootcode detection: bootable unknown (legacy)
6:095  0:000  - [01]: Volume: PciRoot(0x0)\Pci(0x17,0x0)\Sata(0x4,0xFFFF,0x0)\HD(1,GPT,58843E34-8CE3-4672-8F33-4DB5DBB2BA81,0x22,0xFA000)
6:096  0:000          Result of bootcode detection: bootable Windows (vista,win)
6:097  0:001          This is SelfVolume !!
6:097  0:000  - [02]: Volume: PciRoot(0x0)\Pci(0x17,0x0)\Sata(0x4,0xFFFF,0x0)\HD(2,GPT,B66401F5-D2C6-4751-86E6-C4253D10B4F0,0xFA028,0x37D49660)
6:098  0:000          Result of bootcode detection: bootable unknown (legacy)
6:098  0:000  - [03]: Volume: PciRoot(0x0)\Pci(0x1D,0x0)\Pci(0x0,0x0)\NVMe(0x1,C5-64-BD-20-68-B7-26-00)
6:098  0:000  - [04]: Volume: PciRoot(0x0)\Pci(0x1D,0x0)\Pci(0x0,0x0)\NVMe(0x1,C5-64-BD-20-68-B7-26-00)\HD(1,GPT,B795A956-8F7F-4D2B-9BC5-F4AFB34B0FF3,0x800,0xEE7B000)
6:098  0:000          Result of bootcode detection: bootable Windows (vista,win)
6:098  0:000  - [05]: Volume: PciRoot(0x0)\Pci(0x17,0x0)\Sata(0x4,0xFFFF,0x0)\HD(2,GPT,B66401F5-D2C6-4751-86E6-C4253D10B4F0,0xFA028,0x37D49660)\VenMedia(BE74FCF7-0B7C-49F3-9147-01F4042E6842,50D2B2755BEC9442B1B50942F4D2E45F)
6:099  0:000          hiding this volume
6:099  0:000  - [06]: Volume: PciRoot(0x0)\Pci(0x17,0x0)\Sata(0x4,0xFFFF,0x0)\HD(2,GPT,B66401F5-D2C6-4751-86E6-C4253D10B4F0,0xFA028,0x37D49660)\VenMedia(BE74FCF7-0B7C-49F3-9147-01F4042E6842,5D036A94F1F6A241AAA0F5DD33D857B8)
6:099  0:000  - [07]: Volume: PciRoot(0x0)\Pci(0x17,0x0)\Sata(0x4,0xFFFF,0x0)\HD(2,GPT,B66401F5-D2C6-4751-86E6-C4253D10B4F0,0xFA028,0x37D49660)\VenMedia(BE74FCF7-0B7C-49F3-9147-01F4042E6842,8F9A0B0E8C19694DA52105DFBEB95BDB)
6:099  0:000  - [08]: Volume: PciRoot(0x0)\Pci(0x17,0x0)\Sata(0x4,0xFFFF,0x0)\HD(2,GPT,B66401F5-D2C6-4751-86E6-C4253D10B4F0,0xFA028,0x37D49660)\VenMedia(BE74FCF7-0B7C-49F3-9147-01F4042E6842,2D3CB94035085B408A79B5C060142854)
6:106  0:006  Loading nvram.plist from Vol 'RealMac' - loaded, size=1748
6:107  0:001  === [ PutNvramPlistToRtVars ] =============================
6:107  0:000   Adding Key: EFILoginHiDPI: Size = 4, Data: 00 00 00 00 
6:107  0:000   Skipping EmuVariableUefiPresent
6:107  0:000   Adding Key: LocationServicesEnabled: Size = 1, Data: 01 
6:107  0:000   Adding Key: SystemAudioVolume: Size = 1, Data: 1F 
6:107  0:000   Adding Key: SystemAudioVolumeDB: Size = 1, Data: D6 
6:107  0:000   Adding Key: backlight-level: Size = 2, Data: D8 83 
6:107  0:000   Adding Key: bluetoothActiveControllerInfo: Size = 16, Data: 8F 82 AC 05 00 00 00 00 53 14 08 6D 41 D2 8F DB 
6:107  0:000   Adding Key: bluetoothInternalControllerInfo: Size = 14, Data: 8F 82 AC 05 00 00 53 14 08 6D 41 D2 8F DB 
6:107  0:000   Adding Key: csr-active-config: Size = 4, Data: 67 00 00 00 
6:107  0:000   Adding Key: efi-boot-device: Size = 216, Data: 3C 61 72 72 61 79 3E 3C 64 69 63 74 3E 3C 6B 65 79 3E 49 4F 4D 61 74 63 68 3C 2F 6B 65 79 3E 3C 64 69 63 74 3E 3C 6B 65 79 3E 49 4F 50 72 6F 76 69 64 65 72 43 6C 61 73 73 3C 2F 6B 65 79 3E 3C 73 74 72 69 6E 67 3E 49 4F 4D 65 64 69 61 3C 2F 73 74 72 69 6E 67 3E 3C 6B 65 79 3E 49 4F 50 72 6F 70 65 72 74 79 4D 61 74 63 68 3C 2F 6B 65 79 3E 3C 64 69 63 74 3E 3C 6B 65 79 3E 55 55 49 44 3C 2F 6B 65 79 3E 3C 73 74 72 69 6E 67 3E 42 36 36 34 30 31 46 35 2D 44 32 43 36 2D 34 37 35 31 2D 38 36 45 36 2D 43 34 32 35 33 44 31 30 42 34 46 30 3C 2F 73 74 72 69 6E 67 3E 3C 2F 64 69 63 74 3E 3C 2F 64 69 63 74 3E 3C 2F 64 69 63 74 3E 3C 2F 61 72 72 61 79 3E 
6:107  0:000   Adding Key: efi-boot-device-data: Size = 110, Data: 02 01 0C 00 D0 41 03 0A 00 00 00 00 01 01 06 00 00 17 03 12 0A 00 04 00 FF FF 00 00 04 01 2A 00 02 00 00 00 28 A0 0F 00 00 00 00 00 60 96 D4 37 00 00 00 00 F5 01 64 B6 C6 D2 51 47 86 E6 C4 25 3D 10 B4 F0 02 02 04 03 24 00 F7 FC 74 BE 7C 0B F3 49 91 47 01 F4 04 2E 68 42 5D 03 6A 94 F1 F6 A2 41 AA A0 F5 DD 33 D8 57 B8 7F FF 04 00 
6:107  0:000   Adding Key: flagstate: Size = 32, Data: 00 00 00 00 00 00 00 00 00 00 00 00 00 00 00 00 00 00 00 00 00 00 00 00 00 00 00 00 00 00 00 00 
6:107  0:000   Adding Key: fmm-computer-name: Size = 22, Data: 4A 61 76 61 6E 63 E2 80 99 73 20 4D 61 63 42 6F 6F 6B 20 50 72 6F 
6:107  0:000   Adding Key: nvda_drv: Size = 2, Data: 31 00 
6:107  0:000   Adding Key: security-mode: String: Size = 4, Val = 'none'
6:107  0:000   Adding Key: specialbootdevice: Size = 110, Data: 02 01 0C 00 D0 41 03 0A 00 00 00 00 01 01 06 00 00 17 03 12 0A 00 04 00 FF FF 00 00 04 01 2A 00 02 00 00 00 28 A0 0F 00 00 00 00 00 60 96 D4 37 00 00 00 00 F5 01 64 B6 C6 D2 51 47 86 E6 C4 25 3D 10 B4 F0 02 02 04 03 24 00 F7 FC 74 BE 7C 0B F3 49 91 47 01 F4 04 2E 68 42 5D 03 6A 94 F1 F6 A2 41 AA A0 F5 DD 33 D8 57 B8 7F FF 04 00 
6:107  0:000  found 2 handles with audio
6:107  0:000  No AudioIoDevice stored
6:107  0:000  no stored audio parameters
6:107  0:000  === [ InitTheme ] =========================================
6:107  0:000  use daylight theme
6:108  0:000   using embedded theme
6:108  0:000  got embedded sound
6:108  0:000    Channels: 2  Sample rate: 8000 Hz  Bits: 16
6:108  0:000  output to channel 0 with volume 70, len=25600
6:108  0:000   sound channels=2 bits=16 freq=8000
6:108  0:000  sound converted to 48kHz
6:108  0:000  not found AudioIo to play
6:108  0:000  sound play end with status=Not Found
6:108  0:000  Using embedded font: Success
6:109  0:000  theme inited
6:109  0:000  Chosen embedded theme
6:109  0:000  after NVRAM boot-args=dart=0 -igfxnohdmi -alcbeta -uia_ignore_rmcf -lilubetaall keepsyms=1 -wegbeta -no_compat_check darkwake=0 -nobiobeta
6:109  0:000  === [ Dump SMC keys from NVRAM ] ==========================
6:109  0:000  found AppleSMC protocol
6:109  0:000  === [ ScanLoader ] ========================================
6:109  0:000  - [01]: 'EFI'
6:146  0:036          AddLoaderEntry for Volume Name=EFI
6:146  0:000          skipped because entry is hidden
6:146  0:000  - [04]: '° w'
6:152  0:006  - [05]: 'Preboot', hidden
6:152  0:000  - [06]: 'RealMac'
6:185  0:032          AddLoaderEntry for Volume Name=RealMac
6:190  0:005      Check if volume Is Hibernated:
6:190  0:000      Check sleep image 'by signature':
6:208  0:017      read prefs \Library\Preferences\com.apple.PowerManagement.plist status=Success
6:208  0:000      using default sleep image name = \private\var\vm\sleepimage
6:216  0:008      sleepimage not found -> Not Found
6:216  0:000      hibernated: no - sign
6:220  0:003  - [07]: 'Recovery'
6:220  0:000          AddLoaderEntry for Volume Name=Recovery
6:226  0:005  - [08]: 'VM'
6:226  0:000  Scanning legacy ...
6:226  0:000   1: 'EFI' (vista,win) add legacy
6:227  0:000   added 'Boot Windows from EFI' OSType=2 Icon=vista,win
6:227  0:000   4: '° w' (vista,win) add legacy
6:227  0:000   added 'Boot Windows from ° w' OSType=2 Icon=vista,win
6:227  0:000  === [ AddCustomTool ] =====================================
6:229  0:002  found tool \EFI\CLOVER\tools\Shell64U.efi
6:229  0:000  Checking EFI partition Volume 1 for Clover
6:231  0:002   Found Clover
6:232  0:000  EmuVariable UninstallEmulation: CloseEvent = Success, original var services restored
6:232  0:000  EmuVariable InstallEmulation: orig vars copied, emu.var.services installed, CreateEvent VirtualAddressChange = Success, CreateEvent ExitBootServices = Success, set Status=Success
6:266  0:034  === [ GetEfiBootDeviceFromNvram ] =========================
6:266  0:000   - efi-boot-device-data: PciRoot(0x0)\Pci(0x17,0x0)\Sata(0x4,0xFFFF,0x0)\HD(2,GPT,B66401F5-D2C6-4751-86E6-C4253D10B4F0,0xFA028,0x37D49660)\VenMedia(BE74FCF7-0B7C-49F3-9147-01F4042E6842,5D036A94F1F6A241AAA0F5DD33D857B8)
6:266  0:000    - Volume: 'PciRoot(0x0)\Pci(0x17,0x0)\Sata(0x4,0xFFFF,0x0)\HD(2,GPT,B66401F5-D2C6-4751-86E6-C4253D10B4F0,0xFA028,0x37D49660)\VenMedia(BE74FCF7-0B7C-49F3-9147-01F4042E6842,5D036A94F1F6A241AAA0F5DD33D857B8)'
6:266  0:000    - LoaderPath: '<null string>'
6:266  0:000    - Guid = B66401F5-D2C6-4751-86E6-C4253D10B4F0
6:266  0:000  === [ FindStartupDiskVolume ] =============================
6:266  0:000    - Volume: partition = PciRoot(0x0)\Pci(0x17,0x0)\Sata(0x4,0xFFFF,0x0)\HD(2,GPT,B66401F5-D2C6-4751-86E6-C4253D10B4F0,0xFA028,0x37D49660)\VenMedia(BE74FCF7-0B7C-49F3-9147-01F4042E6842,5D036A94F1F6A241AAA0F5DD33D857B8)
6:266  0:000     - searching for that partition
6:266  0:000      - found entry 0. 'Boot macOS from RealMac', Volume 'RealMac'
6:266  0:000  Boot redirected to Entry 0. 'Boot macOS from RealMac'
6:266  0:000  EmuVariable UninstallEmulation: CloseEvent = Success, original var services restored
6:266  0:000  DefaultIndex=0 and MainMenu.EntryCount=10
6:280  0:013  GUI ready
9:486  3:206  exit from MainMenu 1
9:486  0:000  Boot option Boot0000 not found
9:486  0:000  === [ StartLoader ] =======================================
9:486  0:000  Finally: ExternalClock=26MHz BusSpeed=100379kHz CPUFreq=2208MHz PIS: hw.busfrequency=104000000Hz
9:486  0:000  Loading boot.efi  status=Success
9:490  0:004  GetOSVersion: 10.14.6 (18G84)
9:491  0:000  CSR_CFG: CSR_ALLOW_UNTRUSTED_KEXTS | CSR_ALLOW_UNRESTRICTED_FS | CSR_ALLOW_TASK_FOR_PID | CSR_ALLOW_UNRESTRICTED_DTRACE | CSR_ALLOW_UNRESTRICTED_NVRAM
9:491  0:000  Filtering KextPatches:
9:491  0:000   - [00]: com.apple.driver.AppleUSBXHCI (Disable the sleep code leaving the controller in non-working state after wake, 10.9.*, 10.10.* (credit Zenith432)) :: BinPatch :: [OS: 10.14.6 | MatchOS: All | MatchBuild: All] ==> allowed
9:491  0:000   - [01]: com.apple.driver.AppleIntelLpssI2CController (Prevent Apple I2C kexts from attaching to I2C controllers, credit CoolStar) :: PlistPatch :: [OS: 10.14.6 | MatchOS: All | MatchBuild: All] ==> allowed
9:491  0:000   - [02]: AppleIntelCFLGraphicsFramebuffer (Set the maximum link rate in DPCD buffer to 0x0A (HBR) for laptops with 1080p or below display (by FireWolf)) :: BinPatch :: [OS: 10.14.6 | MatchOS: All | MatchBuild: All] ==> allowed
9:491  0:000   - [03]: com.apple.driver.usb.AppleUSBXHCI (disable port limit in XHCI kext (credit DalianSky,Ricky)) :: BinPatch :: [OS: 10.14.6 | MatchOS: 10.14.x | MatchBuild: All] ==> allowed
9:491  0:000   - [04]: com.apple.iokit.IOUSBHostFamily (USB Port limit patch #1/2 10.15.x (credit DalianSky)) :: BinPatch :: [OS: 10.14.6 | MatchOS: 10.15.x | MatchBuild: All] ==> not allowed
9:491  0:000   - [05]: com.apple.driver.usb.AppleUSBXHCI (USB Port limit patch #2/2 10.15.x (credit DalianSky)) :: BinPatch :: [OS: 10.14.6 | MatchOS: 10.15.x | MatchBuild: All] ==> not allowed
9:491  0:000   - [06]: com.apple.iokit.IOUSBHostFamily (USB port limit patch #1/4 10.14.x modify by DalianSky (credit ydeng)) :: BinPatch :: [OS: 10.14.6 | MatchOS: 10.14.x | MatchBuild: All] ==> allowed
9:491  0:000   - [07]: com.apple.iokit.IOUSBHostFamily (USB port limit patch #2/4 10.14.x modify by DalianSky (credit PMHeart)) :: BinPatch :: [OS: 10.14.6 | MatchOS: 10.14.x | MatchBuild: All] ==> allowed
9:491  0:000   - [08]: com.apple.driver.usb.AppleUSBXHCI (USB Port limit patch #3/4 10.14.x modify by DalianSky (credit PMheart)) :: BinPatch :: [OS: 10.14.6 | MatchOS: 10.14.x | MatchBuild: All] ==> allowed
9:491  0:000   - [09]: com.apple.driver.usb.AppleUSBXHCI (USB Port limit patch #4/4 10.14.x modify by DalianSky (credit PMheart)) :: BinPatch :: [OS: 10.14.6 | MatchOS: 10.14.x | MatchBuild: All] ==> allowed
9:491  0:000  Will not patch boot.efi
9:491  0:000  EmuVariable InstallEmulation: orig vars copied, emu.var.services installed, CreateEvent VirtualAddressChange = Success, CreateEvent ExitBootServices = Success, set Status=Success
9:525  0:034  === [ PatchSmbios ] =======================================
9:525  0:000  insert table 9 for dev 0:0
9:525  0:000  insert table 9 for dev 0:0
9:525  0:000  Table 11 present, but rewritten for us
9:526  0:001  Trusting SMBIOS...
9:526  0:000  Channels: 2
9:526  0:000  Interleave: 0 2 1 3 4 6 5 7 8 10 9 11 12 14 13 15 16 18 17 19 20 22 21 23
9:526  0:000   partNum=KHX2666C15S4/8G     
9:526  0:000  SMBIOS Type 17 Index = 0 => 0 0:
9:526  0:000  BANK 0 DIMM0 2667MHz 8192MB
9:526  0:000   partNum=HMA81GS6CJR8N-VK    
9:526  0:000  SMBIOS Type 17 Index = 1 => 2 2:
9:526  0:000  BANK 1 DIMM0 2667MHz 8192MB
9:526  0:000  mTotalSystemMemory = 16384
9:526  0:000  NumberOfMemoryDevices = 2
9:526  0:000  Type20[0]->End = 0x7FFFFF, Type17[0] = 0x2000
9:526  0:000  Type20[1]->End = 0xFFFFFF, Type17[1] = 0x6000
9:526  0:000  Table 131 is present, CPUType=31
9:526  0:000  Change to: 709
9:526  0:000  === [ PatchACPI ] =========================================
9:526  0:000  Xsdt reallocation done
9:526  0:000  old FADT length=114
9:526  0:000   SignatureFixup: 0xBB878ABC -> 0x0
9:529  0:002  DSDT found in Clover volume OEM folder: EFI\CLOVER\ACPI\patched\DSDT.aml
9:532  0:003  Apply DsdtFixMask=0x00000010
9:532  0:000     drop _DSM mask=0xFFFF
9:532  0:000  === [ FixBiosDsdt ] =======================================
9:533  0:000  Patching DSDT:
9:533  0:000   - [change HECI to IMEI ]: pattern 48454349, patched at: [ (12B61) (14E3A) (1FAE) ]
9:533  0:000   - [change GFX0 to IGPU]: pattern 47465830, patched at: [ (1EF) (E) (12) (12) (12) (12) (12) (12) (12) (12) (12) (3F40) (60DC) (9144) (1B) (3A58) (14) (108C0) (1B84) (1374F) (3847) ]
9:534  0:000   - [change HDAS to HDEF]: pattern 48444153, patched at: [ (2DD) (12) (12) (E0B0) (76) (3F) (66) (A7) (DB) (89) (19318) (19D0) (A357) (8FCC) ]
9:534  0:000   - [Rename EC0_ to EC__]: pattern 4543305F, patched at: [ (35D) (16) (16) (16) (16) (16) (16) (16) (12DB8) (15) (17) (15) (B02) (29E4D) (15) (1C) (17) (15) (F9) (15) (16) (16) (1B) (16) (16) (4A) (15) (1D) (65) (2B) (1E) (66) (2B) (1F) (65) (2B) (17) (1E) (15) (17) (15) (B5) (15) (16) (15) (16) (24) (17) (15) (193) (12) (13) (13) (936) (12) (13) (13) (37) (12) (13) (13) (810) (22) (22) (22) (22) (22) (22) (1B) (22) (49) (1B) (A4) (12) (13) (13) (2F) (12) (13) (13) (181) (12) (13) (13) (2B2) (12) (19) (14) (12) (264) (12) (19) (1A) (1A) (1A) (12) (183) (48B) (95E) (12) (13) (12) (13) (C2) (15) (16) (62) (23E) (2E) (36) (13) (18) (19) (19) (12) (27) (68) (1F) (13) (28) (12) (6D) (2C) (1C) (4F) (131) (12) (13) (13) ]
9:535  0:000    0 replacements
9:536  0:001  Start HPET Fix
9:538  0:002  PreCleanup XSDT: count=27, length=252
9:538  0:000  PreCleanup XSDT, corrected XSDT: count=27, length=252
9:538  0:000  === [ ACPIPatchedAML ] ====================================
9:538  0:000  AutoMerge pass 1
9:538  0:000  Unsorted
9:538  0:000  Inserting SSDT-PNLF.aml from EFI\CLOVER\ACPI\patched: ignore on pass 1
9:538  0:000  Inserting SSDT-DDGPU.aml from EFI\CLOVER\ACPI\patched: ignore on pass 1
9:538  0:000  Inserting SSDT-PNLFCFL.aml from EFI\CLOVER\ACPI\patched: ignore on pass 1
9:538  0:000  Inserting SSDT-XHC.aml from EFI\CLOVER\ACPI\patched: ignore on pass 1
9:538  0:000  Inserting SSDT-USBX.aml from EFI\CLOVER\ACPI\patched: ignore on pass 1
9:538  0:000  Inserting SSDT-RMDT.aml from EFI\CLOVER\ACPI\patched: ignore on pass 1
9:538  0:000  Inserting SSDT-XOSI.aml from EFI\CLOVER\ACPI\patched: ignore on pass 1
9:538  0:000  Inserting SSDT-UIAC.aml from EFI\CLOVER\ACPI\patched: ignore on pass 1
9:538  0:000  === [ ACPIDropTables ] ====================================
9:538  0:000  Drop tables from XSDT, SIGN=DMAR TableID=EDK2     Length=168
9:538  0:000   Table[22]: DMAR  EDK2      168 dropped
9:538  0:000  Patching SSDT SataTabl Length=820
9:538  0:000  0. [change HECI to IMEI ]: pattern 48454349, bin not found / already patched!
9:538  0:000  1. [change GFX0 to IGPU]: pattern 47465830, bin not found / already patched!
9:538  0:000  2. [change HDAS to HDEF]: pattern 48444153, bin not found / already patched!
9:538  0:000  3. [Rename EC0_ to EC__]: pattern 4543305F, bin not found / already patched!
9:538  0:000    0 replacements
9:538  0:000  Patching SSDT DptfTabl Length=28951
9:538  0:000  0. [change HECI to IMEI ]: pattern 48454349, bin not found / already patched!
9:538  0:000  1. [change GFX0 to IGPU]: pattern 47465830, patched at: [ (CD5) (16) (16) (16) (2E37) (15) (25) (14) (1F) (15) (22) (15) ]
9:538  0:000  2. [change HDAS to HDEF]: pattern 48444153, bin not found / already patched!
9:538  0:000  3. [Rename EC0_ to EC__]: pattern 4543305F, patched at: [ (97A) (12) (16) (16) (16) (16) (F59) (3785) (394) (8C) (15) (16) (20) (2B) (27) (17) (15) (1E) (27) (17) (15) (2E) (119F) (178) (1C9) ]
9:538  0:000    0 replacements
9:538  0:000  Patching SSDT CpuSsdt Length=6101
9:538  0:000  0. [change HECI to IMEI ]: pattern 48454349, bin not found / already patched!
9:538  0:000  1. [change GFX0 to IGPU]: pattern 47465830, bin not found / already patched!
9:538  0:000  2. [change HDAS to HDEF]: pattern 48444153, bin not found / already patched!
9:538  0:000  3. [Rename EC0_ to EC__]: pattern 4543305F, bin not found / already patched!
9:538  0:000    0 replacements
9:538  0:000  Found OperationRegion(PNVS, SystemMemory, 7ADDD000, ...)
9:538  0:000  Patching SSDT SaSsdt  Length=12759
9:538  0:000  0. [change HECI to IMEI ]: pattern 48454349, bin not found / already patched!
9:538  0:000  1. [change GFX0 to IGPU]: pattern 47465830, patched at: [ (2D) (3A) (46) (2D0) (1C9C) (A3A) (1D) (6AF) ]
9:539  0:000  2. [change HDAS to HDEF]: pattern 48444153, bin not found / already patched!
9:539  0:000  3. [Rename EC0_ to EC__]: pattern 4543305F, bin not found / already patched!
9:539  0:000    0 replacements
9:539  0:000  Found OperationRegion(SANV, SystemMemory, 7A4D1118, ...)
9:539  0:000  Patching SSDT PegSsdt Length=9916
9:539  0:000  0. [change HECI to IMEI ]: pattern 48454349, bin not found / already patched!
9:539  0:000  1. [change GFX0 to IGPU]: pattern 47465830, bin not found / already patched!
9:539  0:000  2. [change HDAS to HDEF]: pattern 48444153, bin not found / already patched!
9:539  0:000  3. [Rename EC0_ to EC__]: pattern 4543305F, patched at: [ (2FE) (16) (16) (16) (16) (16) (1115) (15) (17) (14) (16) (1B) (17) (15) (15) (253) (15) (17) (14) (16) (213) (1B) (17) (15) (15) ]
9:539  0:000    0 replacements
9:539  0:000  Patching SSDT Ther_Rvp Length=3998
9:539  0:000  0. [change HECI to IMEI ]: pattern 48454349, bin not found / already patched!
9:539  0:000  1. [change GFX0 to IGPU]: pattern 47465830, bin not found / already patched!
9:539  0:000  2. [change HDAS to HDEF]: pattern 48444153, bin not found / already patched!
9:539  0:000  3. [Rename EC0_ to EC__]: pattern 4543305F, bin not found / already patched!
9:539  0:000    0 replacements
9:539  0:000  Patching SSDT xh_cfhd4 Length=10577
9:539  0:000  0. [change HECI to IMEI ]: pattern 48454349, bin not found / already patched!
9:539  0:000  1. [change GFX0 to IGPU]: pattern 47465830, bin not found / already patched!
9:539  0:000  2. [change HDAS to HDEF]: pattern 48444153, bin not found / already patched!
9:539  0:000  3. [Rename EC0_ to EC__]: pattern 4543305F, bin not found / already patched!
9:539  0:000    0 replacements
9:539  0:000  Patching SSDT PtidDevc Length=10206
9:539  0:000  0. [change HECI to IMEI ]: pattern 48454349, bin not found / already patched!
9:539  0:000  1. [change GFX0 to IGPU]: pattern 47465830, bin not found / already patched!
9:539  0:000  2. [change HDAS to HDEF]: pattern 48444153, bin not found / already patched!
9:539  0:000  3. [Rename EC0_ to EC__]: pattern 4543305F, bin not found / already patched!
9:539  0:000    0 replacements
9:539  0:000  Patching SSDT TbtTypeC Length=4094
9:539  0:000  0. [change HECI to IMEI ]: pattern 48454349, bin not found / already patched!
9:539  0:000  1. [change GFX0 to IGPU]: pattern 47465830, bin not found / already patched!
9:539  0:000  2. [change HDAS to HDEF]: pattern 48444153, bin not found / already patched!
9:539  0:000  3. [Rename EC0_ to EC__]: pattern 4543305F, bin not found / already patched!
9:539  0:000    0 replacements
9:539  0:000  Patching SSDT SgPeg Length=174
9:539  0:000  0. [change HECI to IMEI ]: pattern 48454349, bin not found / already patched!
9:539  0:000  1. [change GFX0 to IGPU]: pattern 47465830, bin not found / already patched!
9:539  0:000  2. [change HDAS to HDEF]: pattern 48444153, bin not found / already patched!
9:539  0:000  3. [Rename EC0_ to EC__]: pattern 4543305F, bin not found / already patched!
9:539  0:000    0 replacements
9:539  0:000  Patching SSDT OptTabl Length=8086
9:539  0:000  0. [change HECI to IMEI ]: pattern 48454349, bin not found / already patched!
9:539  0:000  1. [change GFX0 to IGPU]: pattern 47465830, patched at: [ (55) (28) (7BA) (91) (550) (1127) (11) ]
9:539  0:000  2. [change HDAS to HDEF]: pattern 48444153, bin not found / already patched!
9:539  0:000  3. [Rename EC0_ to EC__]: pattern 4543305F, patched at: [ (31B) (16) (16) (169B) (15) (17) (15) ]
9:539  0:000    0 replacements
9:539  0:000  === [ ACPIPatchedAML ] ====================================
9:539  0:000  AutoMerge pass 2
9:539  0:000  Unsorted
9:539  0:000  Inserting SSDT-PNLF.aml from EFI\CLOVER\ACPI\patched: size=1128 ... Success
9:541  0:001  Inserting SSDT-DDGPU.aml from EFI\CLOVER\ACPI\patched: size=224 ... Success
9:542  0:001  Inserting SSDT-PNLFCFL.aml from EFI\CLOVER\ACPI\patched: size=104 ... Success
9:543  0:001  Inserting SSDT-XHC.aml from EFI\CLOVER\ACPI\patched: size=363 ... Success
9:545  0:001  Inserting SSDT-USBX.aml from EFI\CLOVER\ACPI\patched: size=185 ... Success
9:546  0:001  Inserting SSDT-RMDT.aml from EFI\CLOVER\ACPI\patched: size=576 ... Success
9:548  0:001  Inserting SSDT-XOSI.aml from EFI\CLOVER\ACPI\patched: size=188 ... Success
9:549  0:001  Inserting SSDT-UIAC.aml from EFI\CLOVER\ACPI\patched: size=309 ... Success
9:550  0:001  CPUBase=0 and ApicCPUBase=1 ApicCPUNum=1
9:550  0:000  Maximum control=0x16
9:550  0:000  Turbo control=0x29
9:550  0:000  P-States: min 0x8, max 0x29
9:550  0:000  SSDT with plugin-type without P-States is generated
9:550  0:000  Cleanup XSDT: count=36, length=324
9:550  0:000  corrected XSDT count=35, length=316
9:550  0:000  === [ RestSetup macOS ] ===================================
9:550  0:000  EdidDiscovered size=128
9:550  0:000  --- Discovered EDID Table size:128
9:550  0:000  000  |  00  FF  FF  FF  FF  FF  FF  00  06  AF
9:550  0:000  010  |  ED  61  00  00  00  00  00  1A  01  04
9:550  0:000  020  |  A5  22  13  78  02  59  25  93  58  59
9:550  0:000  030  |  93  29  26  50  54  00  00  00  01  01
9:550  0:000  040  |  01  01  01  01  01  01  01  01  01  01
9:550  0:000  050  |  01  01  01  01  78  37  80  B4  70  38
9:550  0:000  060  |  2E  40  6C  30  AA  00  58  C1  10  00
9:550  0:000  070  |  00  18  00  00  00  0F  00  00  00  00
9:550  0:000  080  |  00  00  00  00  00  00  00  00  00  20
9:550  0:000  090  |  00  00  00  FE  00  41  55  4F  0A  20
9:550  0:000  100  |  20  20  20  20  20  20  20  20  00  00
9:550  0:000  110  |  00  FE  00  42  31  35  36  48  41  4E
9:550  0:000  120  |  30  36  2E  31  20  0A  00  DA
9:550  0:000  add device: PciRoot(0x0)/Pci(0x2,0x0)
9:550  0:000     Add key=model valuelen=32
9:550  0:000     Add key=hda-gfx valuelen=10
9:550  0:000     Add key=framebuffer-unifiedmem valuelen=4
9:550  0:000     Add key=framebuffer-patch-enable valuelen=4
9:550  0:000     Add key=enable-lspcon-support valuelen=4
9:550  0:000     Add key=device_type valuelen=26
9:550  0:000     Add key=device-id valuelen=4
9:550  0:000     Add key=AAPL,slot-name valuelen=9
9:550  0:000     Add key=AAPL,ig-platform-id valuelen=4
9:550  0:000  add device: PciRoot(0x0)/Pci(0x1F,0x3)
9:550  0:000     Add key=model valuelen=21
9:550  0:000     Add key=layout-id valuelen=4
9:551  0:000     Add key=hda-gfx valuelen=10
9:551  0:000     Add key=device_type valuelen=13
9:551  0:000     Add key=AAPL,slot-name valuelen=9
9:551  0:000  Intel GFX injection not set
9:551  0:000   RCBA disabled; cannot use it
9:551  0:000  stringlength = 1570
9:551  0:000  CurrentMode: Width=1920 Height=1080
9:551  0:000  Beginning FSInjection
FSInjectionInstall ...
- Our FSI_SIMPLE_FILE_SYSTEM_PROTOCOL installed on handle: 75430B18
FSInjectionInstall ...
- Our FSI_SIMPLE_FILE_SYSTEM_PROTOCOL installed on handle: 75430B18
9:554  0:003  Use origin smbios table type 1 guid.
9:561  0:006  Preparing kexts injection for arch=x86_64 from EFI\CLOVER\kexts\10.14
9:561  0:000  Extra kext: EFI\CLOVER\kexts\10.14\VoodooI2CUPDDEngine.kext (v.1)
9:564  0:003  Extra kext: EFI\CLOVER\kexts\10.14\VoodooI2CHID.kext (v.1)
9:570  0:005  Extra kext: EFI\CLOVER\kexts\10.14\VoodooI2C.kext (v.2.2)
9:575  0:004    |-- PlugIn kext: EFI\CLOVER\kexts\10.14\VoodooI2C.kext\Contents\PlugIns\VoodooI2CServices.kext (v.1)
9:579  0:003    |-- PlugIn kext: EFI\CLOVER\kexts\10.14\VoodooI2C.kext\Contents\PlugIns\VoodooGPIO.kext (v.1.1)
9:583  0:004  Extra kext: EFI\CLOVER\kexts\10.14\XHCI-300-series-injector.kext (v.0.5.0)
9:585  0:001  Extra kext: EFI\CLOVER\kexts\10.14\VoodooPS2Controller.kext (v.1.9.2)
9:589  0:004    |-- PlugIn kext: EFI\CLOVER\kexts\10.14\VoodooPS2Controller.kext\Contents\PlugIns\VoodooPS2Mouse.kext (v.1.9.2)
9:593  0:004    |-- PlugIn kext: EFI\CLOVER\kexts\10.14\VoodooPS2Controller.kext\Contents\PlugIns\VoodooPS2Keyboard.kext (v.1.9.2)
9:598  0:004    |-- PlugIn kext: EFI\CLOVER\kexts\10.14\VoodooPS2Controller.kext\Contents\PlugIns\VoodooPS2Trackpad.kext (v.1.9.2)
9:603  0:005  Extra kext: EFI\CLOVER\kexts\10.14\WhateverGreen.kext (v.1.3.1)
9:613  0:009  Extra kext: EFI\CLOVER\kexts\10.14\VirtualSMC.kext (v.1.0.7)
9:621  0:007  Extra kext: EFI\CLOVER\kexts\10.14\USBPorts.kext (v.1.0)
9:623  0:002  Extra kext: EFI\CLOVER\kexts\10.14\SMCSuperIO.kext (v.1.0.7)
9:628  0:004  Extra kext: EFI\CLOVER\kexts\10.14\SMCProcessor.kext (v.1.0.7)
9:632  0:004  Extra kext: EFI\CLOVER\kexts\10.14\SMCLightSensor.kext (v.1)
9:646  0:014  Extra kext: EFI\CLOVER\kexts\10.14\SMCBatteryManager.kext (v.1)
9:651  0:004  Extra kext: EFI\CLOVER\kexts\10.14\RealtekRTL8111.kext (v.2.2.2)
9:657  0:006  Extra kext: EFI\CLOVER\kexts\10.14\NoTouchID.kext (v.1.0.2)
9:661  0:003  Extra kext: EFI\CLOVER\kexts\10.14\Lilu.kext (v.1.3.8)
9:667  0:005  Extra kext: EFI\CLOVER\kexts\10.14\AsusSMC.kext (v.1.2.0)
9:673  0:006  Extra kext: EFI\CLOVER\kexts\10.14\AppleALC.kext (v.1.3.9)
9:799  0:126  SetStartupDiskVolume:
9:799  0:000    * Volume: 'RealMac'
9:799  0:000    * LoaderPath: '<null string>'
9:799  0:000    * DevPath: RealMac
9:799  0:000    * GUID = B66401F5-D2C6-4751-86E6-C4253D10B4F0
9:799  0:000    * efi-boot-device: <array><dict><key>IOMatch</key><dict><key>IOProviderClass</key><string>IOMedia</string><key>IOPropertyMatch</key><dict><key>UUID</key><string>B66401F5-D2C6-4751-86E6-C4253D10B4F0</string></dict></dict></dict></array>
9:799  0:000  SetScreenResolution: 1920x1080 - already set
9:799  0:000  Custom boot is disabled
9:800  0:000  Closing log
